<?xml version="1.0" encoding="UTF-8"?>
<testng-results ignored="0" total="2" passed="2" failed="0" skipped="0">
  <reporter-output>
  </reporter-output>
  <suite started-at="2022-05-03T10:10:29 IST" name="Suite" finished-at="2022-05-03T10:10:43 IST" duration-ms="13474">
    <groups>
    </groups>
    <test started-at="2022-05-03T10:10:29 IST" name="Test1" finished-at="2022-05-03T10:10:41 IST" duration-ms="11979">
      <class name="testcases.Letskodit">
        <test-method is-config="true" signature="commonclass(java.lang.String)[pri:0, instance:testcases.Letskodit@4b14c583]" started-at="2022-05-03T10:10:29 IST" name="commonclass" finished-at="2022-05-03T10:10:40 IST" duration-ms="10870" status="PASS">
          <params>
            <param index="0">
              <value>
                <![CDATA[https://courses.letskodeit.com/practice]]>
              </value>
            </param>
          </params>
          <reporter-output>
          </reporter-output>
        </test-method> <!-- commonclass -->
        <test-method signature="makemytrip()[pri:0, instance:testcases.Letskodit@4b14c583]" started-at="2022-05-03T10:10:40 IST" name="makemytrip" finished-at="2022-05-03T10:10:41 IST" duration-ms="1004" status="PASS">
          <reporter-output>
          </reporter-output>
        </test-method> <!-- makemytrip -->
        <test-method is-config="true" signature="closingdriver()[pri:0, instance:testcases.Letskodit@4b14c583]" started-at="2022-05-03T10:10:41 IST" name="closingdriver" finished-at="2022-05-03T10:10:41 IST" duration-ms="62" status="PASS">
          <reporter-output>
          </reporter-output>
        </test-method> <!-- closingdriver -->
      </class> <!-- testcases.Letskodit -->
    </test> <!-- Test1 -->
    <test started-at="2022-05-03T10:10:29 IST" name="Test2" finished-at="2022-05-03T10:10:43 IST" duration-ms="13474">
      <class name="testcases.Makemytrip">
        <test-method is-config="true" signature="commonclass(java.lang.String)[pri:0, instance:testcases.Makemytrip@4a22f9e2]" started-at="2022-05-03T10:10:29 IST" name="commonclass" finished-at="2022-05-03T10:10:35 IST" duration-ms="5543" status="PASS">
          <params>
            <param index="0">
              <value>
                <![CDATA[https://www.makemytrip.com/]]>
              </value>
            </param>
          </params>
          <reporter-output>
          </reporter-output>
        </test-method> <!-- commonclass -->
        <test-method signature="makemytrip()[pri:0, instance:testcases.Makemytrip@4a22f9e2]" started-at="2022-05-03T10:10:35 IST" name="makemytrip" finished-at="2022-05-03T10:10:38 IST" duration-ms="3746" status="PASS">
          <reporter-output>
          </reporter-output>
        </test-method> <!-- makemytrip -->
        <test-method is-config="true" signature="closingdriver()[pri:0, instance:testcases.Makemytrip@4a22f9e2]" started-at="2022-05-03T10:10:38 IST" name="closingdriver" finished-at="2022-05-03T10:10:43 IST" duration-ms="4142" status="PASS">
          <reporter-output>
          </reporter-output>
        </test-method> <!-- closingdriver -->
      </class> <!-- testcases.Makemytrip -->
    </test> <!-- Test2 -->
  </suite> <!-- Suite -->
</testng-results>
